<?xml version="1.0" encoding="utf-8"?><testsuites name="pytest tests"><testsuite name="pytest" errors="0" failures="0" skipped="0" tests="14" time="3.275" timestamp="2026-02-24T20:08:05.901106+00:00" hostname="agent-env-3764f4a7-b61d-4fda-8e6d-5606c79b9ffa"><testcase classname="backend.tests.test_api.TestAPIRoot" name="test_api_root_returns_message" time="0.331" /><testcase classname="backend.tests.test_api.TestGalleryAPI" name="test_get_gallery_returns_200" time="0.239" /><testcase classname="backend.tests.test_api.TestGalleryAPI" name="test_get_gallery_returns_list" time="0.151" /><testcase classname="backend.tests.test_api.TestGalleryAPI" name="test_get_gallery_has_items" time="0.241" /><testcase classname="backend.tests.test_api.TestGalleryAPI" name="test_gallery_item_has_required_fields" time="0.132" /><testcase classname="backend.tests.test_api.TestGalleryAPI" name="test_gallery_item_has_bilingual_titles" time="0.114" /><testcase classname="backend.tests.test_api.TestContactAPI" name="test_post_contact_returns_201_or_200" time="0.172" /><testcase classname="backend.tests.test_api.TestContactAPI" name="test_post_contact_returns_contact_object" time="0.223" /><testcase classname="backend.tests.test_api.TestContactAPI" name="test_post_contact_with_optional_fields" time="0.179" /><testcase classname="backend.tests.test_api.TestContactAPI" name="test_post_contact_requires_name" time="0.234" /><testcase classname="backend.tests.test_api.TestContactAPI" name="test_post_contact_requires_valid_email" time="0.806" /><testcase classname="backend.tests.test_api.TestContactAPI" name="test_post_contact_requires_message" time="0.106" /><testcase classname="backend.tests.test_api.TestContactAPI" name="test_get_contact_returns_200" time="0.111" /><testcase classname="backend.tests.test_api.TestContactAPI" name="test_contact_persists_in_database" time="0.196" /></testsuite></testsuites>